<?xml version="1.0" encoding="UTF-8"?>
<testsuite xmlns:xsi="http://www.w3.org/2001/XMLSchema-instance" xsi:noNamespaceSchemaLocation="https://maven.apache.org/surefire/maven-surefire-plugin/xsd/surefire-test-report.xsd" name="org.example.AppTest" time="0.026" tests="1" errors="0" skipped="0" failures="0">
  <properties>
    <property name="gopherProxySet" value="false"/>
    <property name="awt.toolkit" value="sun.lwawt.macosx.LWCToolkit"/>
    <property name="file.encoding.pkg" value="sun.io"/>
    <property name="java.specification.version" value="1.8"/>
    <property name="sun.cpu.isalist" value=""/>
    <property name="sun.jnu.encoding" value="UTF-8"/>
    <property name="java.class.path" value="/Users/liuyu/IdeaProjects/chifan/target/test-classes:/Users/liuyu/IdeaProjects/chifan/target/classes:/Users/liuyu/.m2/repository/junit/junit/4.11/junit-4.11.jar:/Users/liuyu/.m2/repository/org/hamcrest/hamcrest-core/1.3/hamcrest-core-1.3.jar:/Users/liuyu/.m2/repository/com/alibaba/easyexcel/1.1.2-beat1/easyexcel-1.1.2-beat1.jar:/Users/liuyu/.m2/repository/org/apache/poi/poi/3.17/poi-3.17.jar:/Users/liuyu/.m2/repository/commons-codec/commons-codec/1.10/commons-codec-1.10.jar:/Users/liuyu/.m2/repository/org/apache/commons/commons-collections4/4.1/commons-collections4-4.1.jar:/Users/liuyu/.m2/repository/org/apache/poi/poi-ooxml/3.17/poi-ooxml-3.17.jar:/Users/liuyu/.m2/repository/com/github/virtuald/curvesapi/1.04/curvesapi-1.04.jar:/Users/liuyu/.m2/repository/cglib/cglib/3.1/cglib-3.1.jar:/Users/liuyu/.m2/repository/org/ow2/asm/asm/4.2/asm-4.2.jar:/Users/liuyu/.m2/repository/com/github/Dorae132/easyutil.easyexcel/1.1.0/easyutil.easyexcel-1.1.0.jar:/Users/liuyu/.m2/repository/org/apache/poi/poi-ooxml-schemas/3.10-FINAL/poi-ooxml-schemas-3.10-FINAL.jar:/Users/liuyu/.m2/repository/org/bluestemsoftware/open/maven/tparty/xerces-impl/2.9.0/xerces-impl-2.9.0.jar:/Users/liuyu/.m2/repository/xml-apis/xml-apis/1.0.b2/xml-apis-1.0.b2.jar:/Users/liuyu/.m2/repository/org/apache/xmlbeans/xmlbeans/2.6.0/xmlbeans-2.6.0.jar:/Users/liuyu/.m2/repository/stax/stax-api/1.0.1/stax-api-1.0.1.jar:/Users/liuyu/.m2/repository/commons-collections/commons-collections/3.2.1/commons-collections-3.2.1.jar:/Users/liuyu/.m2/repository/com/google/guava/guava/18.0/guava-18.0.jar:/Users/liuyu/.m2/repository/org/apache/commons/commons-lang3/3.6/commons-lang3-3.6.jar:/Users/liuyu/.m2/repository/org/projectlombok/lombok/1.18.12/lombok-1.18.12.jar:"/>
    <property name="java.vm.vendor" value="Oracle Corporation"/>
    <property name="sun.arch.data.model" value="64"/>
    <property name="java.vendor.url" value="http://java.oracle.com/"/>
    <property name="user.timezone" value=""/>
    <property name="java.vm.specification.version" value="1.8"/>
    <property name="os.name" value="Mac OS X"/>
    <property name="user.country" value="CN"/>
    <property name="sun.java.launcher" value="SUN_STANDARD"/>
    <property name="sun.boot.library.path" value="/Library/Java/JavaVirtualMachines/jdk1.8.0_221.jdk/Contents/Home/jre/lib"/>
    <property name="sun.java.command" value="/Users/liuyu/IdeaProjects/chifan/target/surefire/surefirebooter754640137954673960.jar /Users/liuyu/IdeaProjects/chifan/target/surefire 2020-02-16T12-52-26_345-jvmRun1 surefire420074318184418692tmp surefire_09055961501070780645tmp"/>
    <property name="surefire.test.class.path" value="/Users/liuyu/IdeaProjects/chifan/target/test-classes:/Users/liuyu/IdeaProjects/chifan/target/classes:/Users/liuyu/.m2/repository/junit/junit/4.11/junit-4.11.jar:/Users/liuyu/.m2/repository/org/hamcrest/hamcrest-core/1.3/hamcrest-core-1.3.jar:/Users/liuyu/.m2/repository/com/alibaba/easyexcel/1.1.2-beat1/easyexcel-1.1.2-beat1.jar:/Users/liuyu/.m2/repository/org/apache/poi/poi/3.17/poi-3.17.jar:/Users/liuyu/.m2/repository/commons-codec/commons-codec/1.10/commons-codec-1.10.jar:/Users/liuyu/.m2/repository/org/apache/commons/commons-collections4/4.1/commons-collections4-4.1.jar:/Users/liuyu/.m2/repository/org/apache/poi/poi-ooxml/3.17/poi-ooxml-3.17.jar:/Users/liuyu/.m2/repository/com/github/virtuald/curvesapi/1.04/curvesapi-1.04.jar:/Users/liuyu/.m2/repository/cglib/cglib/3.1/cglib-3.1.jar:/Users/liuyu/.m2/repository/org/ow2/asm/asm/4.2/asm-4.2.jar:/Users/liuyu/.m2/repository/com/github/Dorae132/easyutil.easyexcel/1.1.0/easyutil.easyexcel-1.1.0.jar:/Users/liuyu/.m2/repository/org/apache/poi/poi-ooxml-schemas/3.10-FINAL/poi-ooxml-schemas-3.10-FINAL.jar:/Users/liuyu/.m2/repository/org/bluestemsoftware/open/maven/tparty/xerces-impl/2.9.0/xerces-impl-2.9.0.jar:/Users/liuyu/.m2/repository/xml-apis/xml-apis/1.0.b2/xml-apis-1.0.b2.jar:/Users/liuyu/.m2/repository/org/apache/xmlbeans/xmlbeans/2.6.0/xmlbeans-2.6.0.jar:/Users/liuyu/.m2/repository/stax/stax-api/1.0.1/stax-api-1.0.1.jar:/Users/liuyu/.m2/repository/commons-collections/commons-collections/3.2.1/commons-collections-3.2.1.jar:/Users/liuyu/.m2/repository/com/google/guava/guava/18.0/guava-18.0.jar:/Users/liuyu/.m2/repository/org/apache/commons/commons-lang3/3.6/commons-lang3-3.6.jar:/Users/liuyu/.m2/repository/org/projectlombok/lombok/1.18.12/lombok-1.18.12.jar:"/>
    <property name="sun.cpu.endian" value="little"/>
    <property name="user.home" value="/Users/liuyu"/>
    <property name="user.language" value="zh"/>
    <property name="java.specification.vendor" value="Oracle Corporation"/>
    <property name="java.home" value="/Library/Java/JavaVirtualMachines/jdk1.8.0_221.jdk/Contents/Home/jre"/>
    <property name="basedir" value="/Users/liuyu/IdeaProjects/chifan"/>
    <property name="file.separator" value="/"/>
    <property name="line.separator" value="&#10;"/>
    <property name="java.vm.specification.vendor" value="Oracle Corporation"/>
    <property name="java.specification.name" value="Java Platform API Specification"/>
    <property name="java.awt.graphicsenv" value="sun.awt.CGraphicsEnvironment"/>
    <property name="surefire.real.class.path" value="/Users/liuyu/IdeaProjects/chifan/target/surefire/surefirebooter754640137954673960.jar"/>
    <property name="sun.boot.class.path" value="/Library/Java/JavaVirtualMachines/jdk1.8.0_221.jdk/Contents/Home/jre/lib/resources.jar:/Library/Java/JavaVirtualMachines/jdk1.8.0_221.jdk/Contents/Home/jre/lib/rt.jar:/Library/Java/JavaVirtualMachines/jdk1.8.0_221.jdk/Contents/Home/jre/lib/sunrsasign.jar:/Library/Java/JavaVirtualMachines/jdk1.8.0_221.jdk/Contents/Home/jre/lib/jsse.jar:/Library/Java/JavaVirtualMachines/jdk1.8.0_221.jdk/Contents/Home/jre/lib/jce.jar:/Library/Java/JavaVirtualMachines/jdk1.8.0_221.jdk/Contents/Home/jre/lib/charsets.jar:/Library/Java/JavaVirtualMachines/jdk1.8.0_221.jdk/Contents/Home/jre/lib/jfr.jar:/Library/Java/JavaVirtualMachines/jdk1.8.0_221.jdk/Contents/Home/jre/classes"/>
    <property name="sun.management.compiler" value="HotSpot 64-Bit Tiered Compilers"/>
    <property name="java.runtime.version" value="1.8.0_221-b11"/>
    <property name="user.name" value="liuyu"/>
    <property name="path.separator" value=":"/>
    <property name="os.version" value="10.15.2"/>
    <property name="java.endorsed.dirs" value="/Library/Java/JavaVirtualMachines/jdk1.8.0_221.jdk/Contents/Home/jre/lib/endorsed"/>
    <property name="java.runtime.name" value="Java(TM) SE Runtime Environment"/>
    <property name="file.encoding" value="UTF-8"/>
    <property name="java.vm.name" value="Java HotSpot(TM) 64-Bit Server VM"/>
    <property name="localRepository" value="/Users/liuyu/.m2/repository"/>
    <property name="java.vendor.url.bug" value="http://bugreport.sun.com/bugreport/"/>
    <property name="java.io.tmpdir" value="/var/folders/m8/p14hycv52n9fsqqkstl6r9_r0000gn/T/"/>
    <property name="java.version" value="1.8.0_221"/>
    <property name="user.dir" value="/Users/liuyu/IdeaProjects/chifan"/>
    <property name="os.arch" value="x86_64"/>
    <property name="java.vm.specification.name" value="Java Virtual Machine Specification"/>
    <property name="java.awt.printerjob" value="sun.lwawt.macosx.CPrinterJob"/>
    <property name="sun.os.patch.level" value="unknown"/>
    <property name="java.library.path" value="/Users/liuyu/Library/Java/Extensions:/Library/Java/Extensions:/Network/Library/Java/Extensions:/System/Library/Java/Extensions:/usr/lib/java:."/>
    <property name="java.vm.info" value="mixed mode"/>
    <property name="java.vendor" value="Oracle Corporation"/>
    <property name="java.vm.version" value="25.221-b11"/>
    <property name="java.ext.dirs" value="/Users/liuyu/Library/Java/Extensions:/Library/Java/JavaVirtualMachines/jdk1.8.0_221.jdk/Contents/Home/jre/lib/ext:/Library/Java/Extensions:/Network/Library/Java/Extensions:/System/Library/Java/Extensions:/usr/lib/java"/>
    <property name="sun.io.unicode.encoding" value="UnicodeBig"/>
    <property name="java.class.version" value="52.0"/>
  </properties>
  <testcase name="shouldAnswerWithTrue" classname="org.example.AppTest" time="0.001"/>
</testsuite>